[33mERROR[39m: GET /online 401 - 6:14:46 p. m. - Bad auth from poliecies!
[33mERROR[39m: GET /online 401 - 8:23:48 p. m. - Bad auth from poliecies!
[33mERROR[39m: GET /online 401 - 22:11:06 - Bad auth from poliecies!
[33mERROR[39m: GET /online 401 - 22:11:53 - Bad auth from poliecies!
[33mERROR[39m: GET /online 401 - 12:54:56 - Bad auth from poliecies!
[33mERROR[39m: GET /online 401 - 13:02:48 - Bad auth from poliecies!
[33mERROR[39m: GET /online 401 - 13:29:48 - Bad auth from poliecies!
[33mERROR[39m: GET /online 401 - 21:59:39 - Bad auth from poliecies!
[33mERROR[39m: GET /online 401 - 21:59:43 - Bad auth from poliecies!
[33mERROR[39m: GET /online 401 - 21:59:44 - Bad auth from poliecies!
[33mERROR[39m: GET /online 401 - 21:59:44 - Bad auth from poliecies!
[33mERROR[39m: GET /online 401 - 21:59:48 - Bad auth from poliecies!
[33mERROR[39m: GET /online 401 - 18:47:30 - Bad auth from poliecies!
[33mERROR[39m: GET /online 401 - 18:47:36 - Bad auth from poliecies!
[33mERROR[39m: GET /online 401 - 19:08:51 - Bad auth from poliecies!
[33mERROR[39m: GET /online 401 - 19:08:56 - Bad auth from poliecies!
[33mERROR[39m: GET /online 401 - 19:56:06 - Bad auth from poliecies!
[33mERROR[39m: GET /online 401 - 20:06:58 - Bad auth from poliecies!
[33mERROR[39m: GET /?user_id=undefined 403 - 20:08:27 - Forbidden from poliecies!
[33mERROR[39m: GET /online 401 - 20:10:47 - Bad auth from poliecies!
[33mERROR[39m: POST - /api/sessions/register - 400 - 15-08-2024, 20:58:24
[33mERROR[39m: POST - /api/sessions/register - undefined - 15-08-2024, 20:59:43
[33mERROR[39m: GET /online 401 - 21:02:13 - Bad auth from poliecies!
[33mERROR[39m: GET /online 401 - 19:52:36 - Bad auth from poliecies!
[33mERROR[39m: GET /online 401 - 19:52:38 - Bad auth from poliecies!
[33mERROR[39m: GET /online 401 - 20:50:48 - Bad auth from poliecies!
[33mERROR[39m: GET /online 401 - 21:05:37 - Bad auth from poliecies!
[33mERROR[39m: GET - /api/products/033eae43187a4a19f79372ab - 404 - 19-08-2024, 21:05:37
[33mERROR[39m: GET /online 401 - 22:31:06 - Bad auth from poliecies!
[33mERROR[39m: GET /online 401 - 22:31:34 - Bad auth from poliecies!
[33mERROR[39m: GET - /api/products/033eae43187a4a19f79372ab - 404 - 19-08-2024, 22:31:34
[33mERROR[39m: GET /online 401 - 22:35:34 - Bad auth from poliecies!
[33mERROR[39m: GET /online 401 - 22:35:35 - Bad auth from poliecies!
[33mERROR[39m: GET /online 401 - 22:35:43 - Bad auth from poliecies!
[33mERROR[39m: GET /online 401 - 22:35:47 - Bad auth from poliecies!
[33mERROR[39m: GET /online 401 - 13:46:23 - Bad auth from poliecies!
[33mERROR[39m: GET /online 401 - 13:46:31 - Bad auth from poliecies!
[33mERROR[39m: GET /online 403 - 13:47:30 - Forbidden from poliecies!
[33mERROR[39m: GET /online 401 - 17:20:02 - Bad auth from poliecies!
[33mERROR[39m: GET /online 401 - 12:39:54 - Bad auth from poliecies!
[33mERROR[39m: GET /online 401 - 12:40:02 - Bad auth from poliecies!
[33mERROR[39m: GET /online 401 - 18:21:26 - Bad auth from poliecies!
[33mERROR[39m: GET - /api/products/me - undefined - 21-08-2024, 19:43:08
[33mERROR[39m: GET - /api/products/me - undefined - 21-08-2024, 19:50:33
[33mERROR[39m: GET - /api/products/me - undefined - 21-08-2024, 19:58:14
[33mERROR[39m: GET - /api/products/me - undefined - 21-08-2024, 19:58:18
[33mERROR[39m: GET - /api/products/me - undefined - 21-08-2024, 21:19:42
[33mERROR[39m: GET - /api/products/me - undefined - 21-08-2024, 21:19:43
[33mERROR[39m: GET /online 401 - 12:14:19 - Bad auth from poliecies!
[33mERROR[39m: GET /online 401 - 12:24:00 - Bad auth from poliecies!
[33mERROR[39m: GET /online 401 - 12:39:25 - Bad auth from poliecies!
[33mERROR[39m: GET /online 401 - 12:40:14 - Bad auth from poliecies!
[33mERROR[39m: GET - /api/products/033eae43187a4a19f79372ab - 404 - 22-08-2024, 12:40:14
[33mERROR[39m: GET /online 401 - 12:40:29 - Bad auth from poliecies!
[33mERROR[39m: GET /online 401 - 12:44:29 - Bad auth from poliecies!
[33mERROR[39m: GET - /api/products/033eae43187a4a19f79372ab - 404 - 22-08-2024, 13:15:47
[33mERROR[39m: GET - /api/products/null - undefined - 22-08-2024, 13:24:36
[33mERROR[39m: GET - /api/products/8babbebe92e090a4f86c8a18 - 404 - 22-08-2024, 13:24:59
[33mERROR[39m: GET - /api/products/null - undefined - 22-08-2024, 13:26:33
[33mERROR[39m: GET - /api/products/null - undefined - 22-08-2024, 13:35:58
[33mERROR[39m: GET - /api/products/null - undefined - 22-08-2024, 13:36:01
[33mERROR[39m: GET /me 403 - 13:36:07 - Forbidden from poliecies!
[33mERROR[39m: POST / 403 - 13:36:48 - Forbidden from poliecies!
[33mERROR[39m: GET /me 403 - 13:44:39 - Forbidden from poliecies!
[33mERROR[39m: GET - /api/products/null - undefined - 22-08-2024, 13:46:06
[33mERROR[39m: GET /online 401 - 13:46:14 - Bad auth from poliecies!
[33mERROR[39m: GET - /api/products/null - undefined - 22-08-2024, 13:46:14
[33mERROR[39m: GET /online 401 - 13:47:19 - Bad auth from poliecies!
[33mERROR[39m: GET - /api/products/null - undefined - 22-08-2024, 13:47:19
[33mERROR[39m: GET /online 401 - 13:49:09 - Bad auth from poliecies!
[33mERROR[39m: GET /online 401 - 13:49:10 - Bad auth from poliecies!
[33mERROR[39m: GET - /api/products/null - undefined - 22-08-2024, 13:49:18
[33mERROR[39m: GET /online 401 - 14:55:57 - Bad auth from poliecies!
[33mERROR[39m: GET /online 401 - 14:55:57 - Bad auth from poliecies!
[33mERROR[39m: GET - /api/products/null - undefined - 22-08-2024, 15:15:27
[33mERROR[39m: GET /online 401 - 18:47:36 - Bad auth from poliecies!
[33mERROR[39m: GET - /api/products/null - undefined - 22-08-2024, 18:47:36
[33mERROR[39m: GET - /api/products/null - undefined - 22-08-2024, 18:47:46
[33mERROR[39m: GET - /api/carts/undefined - undefined - 22-08-2024, 18:47:59
[33mERROR[39m: GET - /api/carts/undefined - undefined - 22-08-2024, 18:48:16
[33mERROR[39m: GET - /api/carts/undefined - undefined - 22-08-2024, 18:48:50
[33mERROR[39m: GET - /api/carts/undefined - undefined - 22-08-2024, 18:50:18
[33mERROR[39m: GET - /api/carts/undefined - undefined - 22-08-2024, 18:50:19
[33mERROR[39m: GET - /api/carts/undefined - undefined - 22-08-2024, 18:51:36
[33mERROR[39m: GET - /api/carts/undefined - undefined - 22-08-2024, 18:51:36
[33mERROR[39m: GET /online 401 - 20:40:37 - Bad auth from poliecies!
[33mERROR[39m: GET - /api/products/null - undefined - 22-08-2024, 20:40:37
[33mERROR[39m: GET - /api/products/null - undefined - 22-08-2024, 20:40:58
[33mERROR[39m: GET /online 401 - 20:41:24 - Bad auth from poliecies!
[33mERROR[39m: GET - /api/products/null - undefined - 22-08-2024, 20:41:24
[33mERROR[39m: GET - /api/products/null - undefined - 22-08-2024, 20:42:48
[33mERROR[39m: GET /me 403 - 20:42:49 - Forbidden from poliecies!
[33mERROR[39m: GET - /api/products/null - undefined - 22-08-2024, 20:42:50
[33mERROR[39m: GET - /api/carts - 404 - 22-08-2024, 21:00:04
[33mERROR[39m: GET - /api/products/null - undefined - 22-08-2024, 21:00:13
[33mERROR[39m: GET - /api/products/null - undefined - 22-08-2024, 21:00:19
[33mERROR[39m: GET /online 401 - 21:00:20 - Bad auth from poliecies!
[33mERROR[39m: GET - /api/products/null - undefined - 22-08-2024, 21:00:20
[33mERROR[39m: GET - /api/products/null - undefined - 22-08-2024, 21:00:40
[33mERROR[39m: GET - /api/carts - 404 - 22-08-2024, 21:15:43
[33mERROR[39m: GET - /api/carts - 404 - 22-08-2024, 21:15:45
[33mERROR[39m: GET - /api/products/null - undefined - 22-08-2024, 21:15:47
[33mERROR[39m: GET /online 401 - 21:29:34 - Bad auth from poliecies!
[33mERROR[39m: GET - /api/products/null - undefined - 22-08-2024, 21:29:35
[33mERROR[39m: GET - /api/products/null - undefined - 22-08-2024, 21:29:41
[33mERROR[39m: GET - /api/carts - 404 - 22-08-2024, 21:31:23
[33mERROR[39m: GET - /api/products/null - undefined - 22-08-2024, 21:31:24
[33mERROR[39m: GET /online 401 - 22:06:35 - Bad auth from poliecies!
[33mERROR[39m: GET - /api/products/null - undefined - 22-08-2024, 22:06:35
[33mERROR[39m: GET - /api/products/null - undefined - 22-08-2024, 22:06:45
[33mERROR[39m: GET /online 401 - 12:24:23 - Bad auth from poliecies!
[33mERROR[39m: GET - /api/products/null - undefined - 23-08-2024, 12:24:23
[33mERROR[39m: GET - /api/products/null - undefined - 23-08-2024, 13:53:00
[33mERROR[39m: GET /online 401 - 19:44:01 - Bad auth from poliecies!
[33mERROR[39m: GET - /api/products/null - undefined - 23-08-2024, 19:44:01
[33mERROR[39m: GET - /api/products/null - undefined - 23-08-2024, 19:44:47
[33mERROR[39m: GET /online 401 - 01:21:40 - Bad auth from poliecies!
[33mERROR[39m: GET /online 401 - 01:21:40 - Bad auth from poliecies!
[33mERROR[39m: GET /?user_id=c1a591bda86f71e1f9ffa5e9 401 - 01:21:40 - Bad auth from poliecies!
[33mERROR[39m: GET /online 401 - 01:21:42 - Bad auth from poliecies!
[33mERROR[39m: GET - /api/products/null - undefined - 24-08-2024, 01:21:42
[33mERROR[39m: GET - /api/products/null - undefined - 24-08-2024, 01:21:50
[33mERROR[39m: GET /online 401 - 12:16:02 - Bad auth from poliecies!
[33mERROR[39m: GET /online 401 - 12:16:02 - Bad auth from poliecies!
[33mERROR[39m: GET /?user_id=undefined 401 - 12:16:02 - Bad auth from poliecies!
[33mERROR[39m: GET /online 401 - 12:16:03 - Bad auth from poliecies!
[33mERROR[39m: GET - /api/products/null - undefined - 26-08-2024, 12:16:03
[33mERROR[39m: GET /online 401 - 18:47:46 - Bad auth from poliecies!
[33mERROR[39m: GET - /api/products/null - undefined - 26-08-2024, 18:47:46
[33mERROR[39m: GET /online 401 - 19:50:44 - Bad auth from poliecies!
[33mERROR[39m: GET - /api/products/null - undefined - 26-08-2024, 19:50:44
[33mERROR[39m: GET /online 401 - 19:51:05 - Bad auth from poliecies!
[33mERROR[39m: GET - /api/products/null - undefined - 26-08-2024, 19:51:05
[33mERROR[39m: GET /online 401 - 20:50:51 - Bad auth from poliecies!
[33mERROR[39m: GET - /api/products/null - undefined - 26-08-2024, 20:50:51
[33mERROR[39m: GET /online 401 - 20:51:02 - Bad auth from poliecies!
[33mERROR[39m: GET - /api/products/null - undefined - 26-08-2024, 20:51:02
[33mERROR[39m: GET /online 401 - 20:51:03 - Bad auth from poliecies!
[33mERROR[39m: GET /online 401 - 20:51:05 - Bad auth from poliecies!
[33mERROR[39m: GET /online 401 - 20:52:04 - Bad auth from poliecies!
[33mERROR[39m: GET - /api/products/null - undefined - 26-08-2024, 20:52:04
[33mERROR[39m: GET /online 401 - 20:52:05 - Bad auth from poliecies!
[33mERROR[39m: GET - /api/products/null - undefined - 26-08-2024, 20:52:05
[33mERROR[39m: GET /online 401 - 20:54:04 - Bad auth from poliecies!
[33mERROR[39m: GET - /api/products/null - undefined - 26-08-2024, 20:54:04
[33mERROR[39m: GET /online 401 - 20:58:17 - Bad auth from poliecies!
[33mERROR[39m: GET - /api/products/null - undefined - 26-08-2024, 20:58:17
[33mERROR[39m: GET /online 401 - 20:58:28 - Bad auth from poliecies!
[33mERROR[39m: GET - /api/products/null - undefined - 26-08-2024, 20:58:28
[33mERROR[39m: GET /online 401 - 20:58:29 - Bad auth from poliecies!
[33mERROR[39m: GET - /api/products/null - undefined - 26-08-2024, 20:58:29
[33mERROR[39m: GET /online 401 - 20:59:27 - Bad auth from poliecies!
[33mERROR[39m: GET - /api/products/null - undefined - 26-08-2024, 20:59:27
[33mERROR[39m: GET /online 401 - 21:03:52 - Bad auth from poliecies!
[33mERROR[39m: GET - /api/products/null - undefined - 26-08-2024, 21:03:52
[33mERROR[39m: GET /online 401 - 21:03:52 - Bad auth from poliecies!
[33mERROR[39m: GET - /api/products/null - undefined - 26-08-2024, 21:03:52
[33mERROR[39m: GET /online 401 - 21:04:21 - Bad auth from poliecies!
[33mERROR[39m: GET - /api/products/null - undefined - 26-08-2024, 21:04:21
[33mERROR[39m: GET /online 401 - 21:04:22 - Bad auth from poliecies!
[33mERROR[39m: GET - /api/products/null - undefined - 26-08-2024, 21:04:22
[33mERROR[39m: GET /online 401 - 21:07:32 - Bad auth from poliecies!
[33mERROR[39m: GET - /api/products/null - undefined - 26-08-2024, 21:07:32
[33mERROR[39m: GET /online 401 - 21:22:15 - Bad auth from poliecies!
[33mERROR[39m: GET - /api/products/null - undefined - 26-08-2024, 21:22:15
[33mERROR[39m: GET /online 401 - 21:22:22 - Bad auth from poliecies!
[33mERROR[39m: GET - /api/products/null - undefined - 26-08-2024, 21:22:22
[33mERROR[39m: GET /online 401 - 21:23:15 - Bad auth from poliecies!
[33mERROR[39m: GET - /api/products/null - undefined - 26-08-2024, 21:23:15
[33mERROR[39m: GET /online 401 - 21:26:25 - Bad auth from poliecies!
[33mERROR[39m: GET - /api/products/null - undefined - 26-08-2024, 21:26:25
[33mERROR[39m: GET /online 401 - 21:26:34 - Bad auth from poliecies!
[33mERROR[39m: GET - /api/products/null - undefined - 26-08-2024, 21:26:34
[33mERROR[39m: GET /online 401 - 22:59:14 - Bad auth from poliecies!
[33mERROR[39m: GET - /api/products/null - undefined - 26-08-2024, 22:59:14
[33mERROR[39m: GET /online 401 - 22:59:18 - Bad auth from poliecies!
[33mERROR[39m: GET /online 401 - 22:59:20 - Bad auth from poliecies!
[33mERROR[39m: GET /online 401 - 22:59:48 - Bad auth from poliecies!
[33mERROR[39m: GET /online 401 - 11:45:32 - Bad auth from poliecies!
[33mERROR[39m: GET /online 401 - 11:45:56 - Bad auth from poliecies!
[33mERROR[39m: GET /online 401 - 12:29:53 - Bad auth from poliecies!
[33mERROR[39m: GET - /api/products/null - undefined - 27-08-2024, 12:29:53
[33mERROR[39m: GET /online 401 - 12:31:11 - Bad auth from poliecies!
[33mERROR[39m: GET - /api/products/null - undefined - 27-08-2024, 12:31:11
[33mERROR[39m: GET /online 401 - 12:31:12 - Bad auth from poliecies!
[33mERROR[39m: GET - /api/products/null - undefined - 27-08-2024, 12:31:12
[33mERROR[39m: GET /online 401 - 12:35:49 - Bad auth from poliecies!
[33mERROR[39m: GET - /api/products/null - undefined - 27-08-2024, 12:35:49
[33mERROR[39m: GET - /api/products/null - undefined - 27-08-2024, 12:36:09
[33mERROR[39m: GET - /api/products/null - undefined - 27-08-2024, 12:40:50
[33mERROR[39m: GET /?user_id=undefined 403 - 12:41:03 - Forbidden from poliecies!
[33mERROR[39m: GET /?user_id=undefined 403 - 12:41:43 - Forbidden from poliecies!
[33mERROR[39m: GET /?user_id=undefined 403 - 12:41:47 - Forbidden from poliecies!
[33mERROR[39m: GET - /api/products/null - undefined - 27-08-2024, 12:41:48
[33mERROR[39m: GET - /api/products/033eae43187a4a19f79372ab - 404 - 27-08-2024, 12:43:31
[33mERROR[39m: GET - /api/products/null - undefined - 27-08-2024, 13:00:18
[33mERROR[39m: GET - /api/products/null - undefined - 27-08-2024, 13:00:20
[33mERROR[39m: GET /?user_id=undefined 403 - 13:01:03 - Forbidden from poliecies!
[33mERROR[39m: GET - /api/products/null - undefined - 27-08-2024, 13:01:08
[33mERROR[39m: GET /online 401 - 14:24:11 - Bad auth from poliecies!
[33mERROR[39m: GET /online 401 - 14:24:11 - Bad auth from poliecies!
[33mERROR[39m: PUT - /api/products/666753259528637826 - undefined - 28-08-2024, 00:52:53
[33mERROR[39m: GET /online 401 - 11:26:42 - Bad auth from poliecies!
[33mERROR[39m: GET /online 401 - 11:26:42 - Bad auth from poliecies!
[33mERROR[39m: GET - /api/products/null - undefined - 28-08-2024, 11:48:37
[33mERROR[39m: GET - /api/products/null - undefined - 28-08-2024, 11:48:42
[33mERROR[39m: GET /me 403 - 11:56:36 - Forbidden from poliecies!
[33mERROR[39m: GET - /api/products/null - undefined - 28-08-2024, 11:56:46
[33mERROR[39m: GET - /api/products/null - undefined - 28-08-2024, 13:11:04
[33mERROR[39m: GET - /api/products/null - undefined - 28-08-2024, 13:11:28
[33mERROR[39m: GET - /api/products/null - undefined - 28-08-2024, 13:13:55
[33mERROR[39m: GET /me 403 - 13:13:57 - Forbidden from poliecies!
[33mERROR[39m: GET - /api/products/null - undefined - 28-08-2024, 13:14:28
[33mERROR[39m: GET - /api/products/null - undefined - 28-08-2024, 13:27:34
[33mERROR[39m: GET - /api/products/null - undefined - 28-08-2024, 13:28:31
[33mERROR[39m: GET - /api/products/null - undefined - 28-08-2024, 13:33:27
[33mERROR[39m: GET - /api/products/null - undefined - 28-08-2024, 13:34:25
[33mERROR[39m: GET /online 401 - 16:09:31 - Bad auth from poliecies!
[33mERROR[39m: GET /online 401 - 16:09:32 - Bad auth from poliecies!
[33mERROR[39m: GET /online 401 - 16:09:32 - Bad auth from poliecies!
[33mERROR[39m: GET - /api/products/null - undefined - 28-08-2024, 16:09:39
[33mERROR[39m: GET - /api/products/null - undefined - 28-08-2024, 17:18:43
[33mERROR[39m: GET /online 400 - 17:23:48 - Operation `users.findOne()` buffering timed out after 10000ms
[33mERROR[39m: GET /online 400 - 17:23:58 - Operation `users.findOne()` buffering timed out after 10000ms
[33mERROR[39m: GET /1ac3673d70048869b9a8b0fa 403 - 18:07:06 - Forbidden from poliecies!
[33mERROR[39m: GET /1ac3673d70048869b9a8b0fa 403 - 18:07:08 - Forbidden from poliecies!
[33mERROR[39m: GET /1ac3673d70048869b9a8b0fa 403 - 18:21:30 - Forbidden from poliecies!
[33mERROR[39m: GET /online 400 - 18:27:07 - Operation `users.findOne()` buffering timed out after 10000ms
[33mERROR[39m: GET /online 400 - 18:27:17 - Operation `users.findOne()` buffering timed out after 10000ms
[33mERROR[39m: GET - /api/products/null - undefined - 28-08-2024, 18:39:00
[33mERROR[39m: GET /1ac3673d70048869b9a8b0fa 403 - 18:39:00 - Forbidden from poliecies!
[33mERROR[39m: GET /online 401 - 18:39:05 - Bad auth from poliecies!
[33mERROR[39m: GET /online 401 - 18:39:05 - Bad auth from poliecies!
[33mERROR[39m: GET /online 401 - 18:39:05 - Bad auth from poliecies!
[33mERROR[39m: GET - /api/products/null - undefined - 28-08-2024, 18:39:13
[33mERROR[39m: GET /1ac3673d70048869b9a8b0fa 403 - 18:39:13 - Forbidden from poliecies!
[33mERROR[39m: GET /1ac3673d70048869b9a8b0fa 403 - 18:39:15 - Forbidden from poliecies!
[33mERROR[39m: GET - /api/users/1ac3673d70048869b9a8b0fa - 404 - 28-08-2024, 18:40:20
[33mERROR[39m: GET - /api/users/1ac3673d70048869b9a8b0fa - 404 - 28-08-2024, 18:41:49
[33mERROR[39m: GET - /api/users/1ac3673d70048869b9a8b0fa - 404 - 28-08-2024, 18:41:49
[33mERROR[39m: GET /online 401 - 18:43:02 - Bad auth from poliecies!
[33mERROR[39m: GET /online 401 - 18:43:02 - Bad auth from poliecies!
[33mERROR[39m: GET /online 401 - 18:43:02 - Bad auth from poliecies!
[33mERROR[39m: GET - /api/products/null - undefined - 28-08-2024, 18:43:11
[33mERROR[39m: GET - /api/users/c1a591bda86f71e1f9ffa5e9 - 404 - 28-08-2024, 18:43:11
[33mERROR[39m: GET - /api/users/c1a591bda86f71e1f9ffa5e9 - 404 - 28-08-2024, 18:43:13
[33mERROR[39m: GET - /api/users/c1a591bda86f71e1f9ffa5e9 - 404 - 28-08-2024, 19:11:14
[33mERROR[39m: GET - /api/users/c1a591bda86f71e1f9ffa5e9 - 404 - 28-08-2024, 19:11:15
[33mERROR[39m: GET - /api/users/c1a591bda86f71e1f9ffa5e9 - 404 - 28-08-2024, 19:12:00
[33mERROR[39m: GET - /api/users/c1a591bda86f71e1f9ffa5e9 - 404 - 28-08-2024, 19:12:00
[33mERROR[39m: GET - /api/users/c1a591bda86f71e1f9ffa5e9 - 404 - 28-08-2024, 19:16:06
[33mERROR[39m: GET - /api/users/c1a591bda86f71e1f9ffa5e9 - 404 - 28-08-2024, 19:17:14
[33mERROR[39m: GET - /api/users/c1a591bda86f71e1f9ffa5e9 - 404 - 28-08-2024, 19:17:15
[33mERROR[39m: GET - /api/users/c1a591bda86f71e1f9ffa5e9 - 404 - 28-08-2024, 19:24:15
[33mERROR[39m: GET - /api/users/c1a591bda86f71e1f9ffa5e9 - 404 - 28-08-2024, 19:24:40
[33mERROR[39m: GET - /api/users/c1a591bda86f71e1f9ffa5e9 - 404 - 28-08-2024, 19:24:42
[33mERROR[39m: GET - /api/users/c1a591bda86f71e1f9ffa5e9 - 404 - 28-08-2024, 19:24:46
[33mERROR[39m: GET - /api/users/c1a591bda86f71e1f9ffa5e9 - 404 - 28-08-2024, 19:28:57
[33mERROR[39m: GET - /api/users/c1a591bda86f71e1f9ffa5e9 - 404 - 28-08-2024, 19:28:58
[33mERROR[39m: GET - /api/users/c1a591bda86f71e1f9ffa5e9 - 404 - 28-08-2024, 19:32:41
[33mERROR[39m: GET - /api/users/c1a591bda86f71e1f9ffa5e9 - 404 - 28-08-2024, 19:32:43
[33mERROR[39m: GET - /api/users/c1a591bda86f71e1f9ffa5e9 - undefined - 28-08-2024, 19:34:16
[33mERROR[39m: GET - /api/users/c1a591bda86f71e1f9ffa5e9 - undefined - 28-08-2024, 19:34:43
[33mERROR[39m: GET - /api/users/c1a591bda86f71e1f9ffa5e9 - undefined - 28-08-2024, 19:54:28
[33mERROR[39m: GET - /api/users/c1a591bda86f71e1f9ffa5e9 - 404 - 28-08-2024, 19:55:45
[33mERROR[39m: GET - /api/users/c1a591bda86f71e1f9ffa5e9 - 404 - 28-08-2024, 19:55:47
[33mERROR[39m: GET - /api/users/c1a591bda86f71e1f9ffa5e9 - 404 - 28-08-2024, 19:55:48
[33mERROR[39m: GET - /api/users/c1a591bda86f71e1f9ffa5e9 - 404 - 28-08-2024, 20:03:18
[33mERROR[39m: GET - /api/users/c1a591bda86f71e1f9ffa5e9 - 404 - 28-08-2024, 20:03:18
[33mERROR[39m: GET - /api/users/c1a591bda86f71e1f9ffa5e9 - 404 - 28-08-2024, 20:03:19
[33mERROR[39m: GET - /api/users/c1a591bda86f71e1f9ffa5e9 - undefined - 28-08-2024, 20:04:09
[33mERROR[39m: GET /online 401 - 20:28:54 - Bad auth from poliecies!
[33mERROR[39m: GET /online 401 - 20:28:54 - Bad auth from poliecies!
[33mERROR[39m: GET /online 401 - 20:28:54 - Bad auth from poliecies!
[33mERROR[39m: GET - /api/products/null - undefined - 28-08-2024, 20:29:06
[33mERROR[39m: GET /online 401 - 00:27:32 - Bad auth from poliecies!
[33mERROR[39m: GET /online 401 - 00:27:32 - Bad auth from poliecies!
[33mERROR[39m: GET /online 401 - 00:27:32 - Bad auth from poliecies!
[33mERROR[39m: GET - /api/products/null - undefined - 29-08-2024, 00:28:01
[33mERROR[39m: GET - /api/carts/c1a591bda86f71e1f9ffa5e9 - 404 - 29-08-2024, 00:37:18
[33mERROR[39m: GET - /api/carts/c1a591bda86f71e1f9ffa5e9 - 404 - 29-08-2024, 00:37:20
[33mERROR[39m: GET - /api/products/null - undefined - 29-08-2024, 00:46:24
[33mERROR[39m: GET - /api/products/null - undefined - 29-08-2024, 00:46:28
[33mERROR[39m: GET - /api/products/033eae43187a4a19f79372ab - 404 - 29-08-2024, 00:46:29
[33mERROR[39m: GET - /api/products/null - undefined - 29-08-2024, 00:46:33
[33mERROR[39m: GET - /api/carts/c1a591bda86f71e1f9ffa5e9 - 404 - 29-08-2024, 00:46:38
[33mERROR[39m: GET - /api/carts/c1a591bda86f71e1f9ffa5e9 - 404 - 29-08-2024, 00:46:43
[33mERROR[39m: GET - /api/carts/c1a591bda86f71e1f9ffa5e9 - 404 - 29-08-2024, 00:46:43
[33mERROR[39m: GET /online 400 - 00:52:14 - Operation `users.findOne()` buffering timed out after 10000ms
[33mERROR[39m: GET /online 400 - 00:52:24 - Operation `users.findOne()` buffering timed out after 10000ms
[33mERROR[39m: GET /online 400 - 00:52:27 - Operation `users.findOne()` buffering timed out after 10000ms
[33mERROR[39m: GET /online 400 - 00:52:37 - Operation `users.findOne()` buffering timed out after 10000ms
[33mERROR[39m: GET /online 400 - 00:53:06 - Operation `users.findOne()` buffering timed out after 10000ms
[33mERROR[39m: GET /online 400 - 00:53:16 - Operation `users.findOne()` buffering timed out after 10000ms
[33mERROR[39m: GET /online 400 - 00:54:05 - Operation `users.findOne()` buffering timed out after 10000ms
[33mERROR[39m: GET /online 400 - 00:54:15 - Operation `users.findOne()` buffering timed out after 10000ms
[33mERROR[39m: GET /online 400 - 00:54:25 - Operation `users.findOne()` buffering timed out after 10000ms
[33mERROR[39m: POST - /api/sessions/login - undefined - 29-08-2024, 00:54:30
[33mERROR[39m: POST - /api/sessions/login - undefined - 29-08-2024, 00:55:59
[33mERROR[39m: GET - /api/products/null - undefined - 29-08-2024, 01:05:42
[33mERROR[39m: GET - /api/carts/c1a591bda86f71e1f9ffa5e9 - 404 - 29-08-2024, 01:05:51
[33mERROR[39m: GET - /api/carts/c1a591bda86f71e1f9ffa5e9 - 404 - 29-08-2024, 01:06:44
[33mERROR[39m: GET /c1a591bda86f71e1f9ffa5e9 401 - 01:12:09 - Bad auth from poliecies!
[33mERROR[39m: GET /c1a591bda86f71e1f9ffa5e9 401 - 01:12:26 - Bad auth from poliecies!
[33mERROR[39m: GET - /api/carts/c1a591bda86f71e1f9ffa5e9 - 404 - 29-08-2024, 01:13:29
[33mERROR[39m: GET - /api/carts/c1a591bda86f71e1f9ffa5e9 - 404 - 29-08-2024, 01:14:12
[33mERROR[39m: GET - /api/carts/c1a591bda86f71e1f9ffa5e9 - 404 - 29-08-2024, 01:14:13
[33mERROR[39m: GET - /api/carts/c1a591bda86f71e1f9ffa5e9 - 404 - 29-08-2024, 01:14:18
[33mERROR[39m: GET - /api/carts/c1a591bda86f71e1f9ffa5e9 - 404 - 29-08-2024, 01:14:19
[33mERROR[39m: GET - /api/carts/c1a591bda86f71e1f9ffa5e9 - 404 - 29-08-2024, 01:14:20
[33mERROR[39m: GET - /api/carts/c1a591bda86f71e1f9ffa5e9 - 404 - 29-08-2024, 01:14:21
[33mERROR[39m: GET - /api/carts/c1a591bda86f71e1f9ffa5e9 - 404 - 29-08-2024, 01:14:22
[33mERROR[39m: GET - /api/carts/c1a591bda86f71e1f9ffa5e9 - 404 - 29-08-2024, 01:14:22
[33mERROR[39m: GET - /api/carts/c1a591bda86f71e1f9ffa5e9 - 404 - 29-08-2024, 01:16:48
[33mERROR[39m: GET - /api/carts/c1a591bda86f71e1f9ffa5e9 - 404 - 29-08-2024, 01:16:48
[33mERROR[39m: GET - /api/carts/c1a591bda86f71e1f9ffa5e9 - 404 - 29-08-2024, 01:19:02
[33mERROR[39m: GET - /api/carts/c1a591bda86f71e1f9ffa5e9 - 404 - 29-08-2024, 01:19:04
[33mERROR[39m: GET /online 401 - 11:22:45 - Bad auth from poliecies!
[33mERROR[39m: GET /online 401 - 11:22:45 - Bad auth from poliecies!
[33mERROR[39m: GET /online 401 - 11:22:46 - Bad auth from poliecies!
[33mERROR[39m: GET /online 401 - 11:22:46 - Bad auth from poliecies!
[33mERROR[39m: GET /online 401 - 11:22:46 - Bad auth from poliecies!
[33mERROR[39m: GET /online 401 - 11:22:49 - Bad auth from poliecies!
[33mERROR[39m: GET /online 401 - 11:22:49 - Bad auth from poliecies!
[33mERROR[39m: GET /online 401 - 11:22:49 - Bad auth from poliecies!
[33mERROR[39m: GET - /api/products/null - undefined - 29-08-2024, 11:35:42
[33mERROR[39m: GET - /api/carts/c1a591bda86f71e1f9ffa5e9 - 404 - 29-08-2024, 11:46:02
[33mERROR[39m: GET - /api/carts/c1a591bda86f71e1f9ffa5e9 - 404 - 29-08-2024, 12:01:36
[33mERROR[39m: GET - /api/carts/c1a591bda86f71e1f9ffa5e9 - 404 - 29-08-2024, 12:04:46
[33mERROR[39m: GET - /api/carts/c1a591bda86f71e1f9ffa5e9 - 404 - 29-08-2024, 12:23:01
[33mERROR[39m: GET - /api/carts/c1a591bda86f71e1f9ffa5e9 - 404 - 29-08-2024, 12:23:07
[33mERROR[39m: GET - /api/carts/c1a591bda86f71e1f9ffa5e9 - 404 - 29-08-2024, 12:24:56
[33mERROR[39m: GET - /api/carts/c1a591bda86f71e1f9ffa5e9 - 404 - 29-08-2024, 12:24:58
[33mERROR[39m: GET - /api/carts/c1a591bda86f71e1f9ffa5e9 - 404 - 29-08-2024, 12:25:33
[33mERROR[39m: GET - /api/carts/c1a591bda86f71e1f9ffa5e9 - 404 - 29-08-2024, 12:25:38
[33mERROR[39m: GET - /api/products/null - undefined - 29-08-2024, 12:51:02
[33mERROR[39m: GET - /api/products/null - undefined - 29-08-2024, 12:51:07
[33mERROR[39m: GET - /api/carts/c1a591bda86f71e1f9ffa5e9 - 404 - 29-08-2024, 12:55:28
[33mERROR[39m: GET - /api/carts/c1a591bda86f71e1f9ffa5e9 - 404 - 29-08-2024, 13:38:24
[33mERROR[39m: GET - /api/carts/c1a591bda86f71e1f9ffa5e9 - 404 - 29-08-2024, 13:38:25
[33mERROR[39m: GET - /api/carts/c1a591bda86f71e1f9ffa5e9 - 404 - 29-08-2024, 13:38:30
[33mERROR[39m: GET - /api/carts/c1a591bda86f71e1f9ffa5e9 - 404 - 29-08-2024, 13:39:02
[33mERROR[39m: GET - /api/carts/c1a591bda86f71e1f9ffa5e9 - 404 - 29-08-2024, 13:39:02
[33mERROR[39m: GET - /api/carts/c1a591bda86f71e1f9ffa5e9 - 404 - 29-08-2024, 13:51:36
[33mERROR[39m: GET - /api/carts/c1a591bda86f71e1f9ffa5e9 - 404 - 29-08-2024, 13:56:06
[33mERROR[39m: GET - /api/carts/c1a591bda86f71e1f9ffa5e9 - 404 - 29-08-2024, 13:56:07
[33mERROR[39m: GET - /api/carts/c1a591bda86f71e1f9ffa5e9 - 404 - 29-08-2024, 13:57:19
[33mERROR[39m: GET /online 401 - 18:15:53 - Bad auth from poliecies!
[33mERROR[39m: GET /online 401 - 18:15:53 - Bad auth from poliecies!
[33mERROR[39m: GET /online 401 - 18:15:53 - Bad auth from poliecies!
[33mERROR[39m: GET - /api/products/null - undefined - 29-08-2024, 18:16:02
[33mERROR[39m: GET - /api/products/null - undefined - 29-08-2024, 18:48:16
[33mERROR[39m: GET - /api/products/null - undefined - 29-08-2024, 18:48:18
[33mERROR[39m: GET /online 401 - 18:48:20 - Bad auth from poliecies!
[33mERROR[39m: GET /online 401 - 18:48:20 - Bad auth from poliecies!
[33mERROR[39m: GET /online 401 - 18:48:20 - Bad auth from poliecies!
[33mERROR[39m: GET /online 401 - 18:51:11 - Bad auth from poliecies!
[33mERROR[39m: GET /online 401 - 18:51:11 - Bad auth from poliecies!
[33mERROR[39m: GET /online 401 - 18:51:11 - Bad auth from poliecies!
[33mERROR[39m: GET - /api/products/null - undefined - 29-08-2024, 18:51:26
[33mERROR[39m: GET - /api/products/null - undefined - 29-08-2024, 18:51:42
[33mERROR[39m: GET - /api/products/null - undefined - 29-08-2024, 19:17:13
[33mERROR[39m: GET - /api/products/null - undefined - 29-08-2024, 19:18:30
[33mERROR[39m: GET - /api/products/null - undefined - 29-08-2024, 19:18:32
[33mERROR[39m: GET /me 403 - 19:18:35 - Forbidden from poliecies!
[33mERROR[39m: GET - /api/products/null - undefined - 29-08-2024, 19:18:40
[33mERROR[39m: GET - /api/products/null - undefined - 29-08-2024, 19:18:43
[33mERROR[39m: GET - /api/products/null - undefined - 29-08-2024, 19:21:25
[33mERROR[39m: GET - /api/products/2ce5f57f15749c0c0738f5c6 - 404 - 29-08-2024, 19:21:27
[33mERROR[39m: GET - /api/products/2ce5f57f15749c0c0738f5c6 - 404 - 29-08-2024, 19:21:40
[33mERROR[39m: GET - /api/products/d060d9cad0005abac7d1ba19 - 404 - 29-08-2024, 19:23:38
[33mERROR[39m: GET - /api/products/null - undefined - 29-08-2024, 19:23:39
[33mERROR[39m: GET - /api/products/2ce5f57f15749c0c0738f5c6 - 404 - 29-08-2024, 19:24:15
[33mERROR[39m: GET - /api/products/null - undefined - 29-08-2024, 19:24:44
[33mERROR[39m: GET /1ac3673d70048869b9a8b0fa 403 - 22:31:36 - Forbidden from poliecies!
[33mERROR[39m: GET - /api/products/null - undefined - 30-08-2024, 01:42:01
[33mERROR[39m: GET - /api/products/null - undefined - 30-08-2024, 01:42:02
[33mERROR[39m: GET - /api/products/1dcbe8ae90e7778d2c55052a - 404 - 30-08-2024, 01:42:16
[33mERROR[39m: GET - /api/products/null - undefined - 30-08-2024, 01:46:24
[33mERROR[39m: GET /online 401 - 11:43:17 - Bad auth from poliecies!
[33mERROR[39m: GET /online 401 - 11:43:17 - Bad auth from poliecies!
[33mERROR[39m: GET /online 401 - 11:43:17 - Bad auth from poliecies!
[33mERROR[39m: GET - /api/products/null - undefined - 30-08-2024, 11:47:01
[33mERROR[39m: GET - /api/products/null - undefined - 30-08-2024, 12:27:12
[33mERROR[39m: GET - /api/products/null - undefined - 30-08-2024, 12:27:19
[33mERROR[39m: GET - /api/products/null - undefined - 30-08-2024, 13:43:49
[33mERROR[39m: GET - /api/products/null - undefined - 30-08-2024, 13:52:31
[33mERROR[39m: GET /me 403 - 13:52:37 - Forbidden from poliecies!
[33mERROR[39m: GET - /api/products/null - undefined - 30-08-2024, 13:52:42
[33mERROR[39m: GET - /api/products/null - undefined - 30-08-2024, 13:52:53
[33mERROR[39m: GET /online 401 - 13:58:58 - Bad auth from poliecies!
[33mERROR[39m: GET /online 401 - 13:58:58 - Bad auth from poliecies!
[33mERROR[39m: GET /online 401 - 13:58:58 - Bad auth from poliecies!
[33mERROR[39m: GET /online 401 - 13:59:57 - Bad auth from poliecies!
[33mERROR[39m: GET /online 401 - 13:59:57 - Bad auth from poliecies!
[33mERROR[39m: GET /online 401 - 13:59:57 - Bad auth from poliecies!
[33mERROR[39m: GET - /api/products/null - undefined - 30-08-2024, 14:00:07
[33mERROR[39m: GET /online 401 - 17:22:30 - Bad auth from poliecies!
[33mERROR[39m: GET /online 401 - 17:22:30 - Bad auth from poliecies!
[33mERROR[39m: GET /online 401 - 17:22:30 - Bad auth from poliecies!
[33mERROR[39m: GET - /api/products/null - undefined - 30-08-2024, 18:26:49
[33mERROR[39m: GET - /api/products/null - undefined - 30-08-2024, 19:22:35
[33mERROR[39m: GET - /api/products/null - undefined - 30-08-2024, 19:22:50
[33mERROR[39m: GET - /api/products/null - undefined - 30-08-2024, 19:23:38
[33mERROR[39m: GET - /api/products/null - undefined - 30-08-2024, 19:24:11
[33mERROR[39m: GET - /api/products/me - undefined - 30-08-2024, 19:24:15
[33mERROR[39m: GET - /api/products/null - undefined - 30-08-2024, 19:40:41
[33mERROR[39m: GET - /api/products/me - undefined - 30-08-2024, 19:41:40
[33mERROR[39m: GET - /api/products/me - undefined - 30-08-2024, 19:42:04
[33mERROR[39m: GET - /api/products/me - undefined - 30-08-2024, 20:07:53
[33mERROR[39m: GET - /api/products/me - undefined - 30-08-2024, 20:22:53
[33mERROR[39m: GET - /api/products/me - undefined - 30-08-2024, 21:32:42
[33mERROR[39m: GET - /api/products/me - undefined - 30-08-2024, 21:32:43
[33mERROR[39m: GET - /api/products/me - undefined - 30-08-2024, 21:52:18
[33mERROR[39m: GET - /api/products/me - undefined - 30-08-2024, 21:52:34
[33mERROR[39m: GET - /api/products/me - undefined - 30-08-2024, 21:52:35
[33mERROR[39m: GET /online 401 - 14:12:10 - Bad auth from poliecies!
[33mERROR[39m: GET /online 401 - 14:12:10 - Bad auth from poliecies!
[33mERROR[39m: GET /online 401 - 14:12:10 - Bad auth from poliecies!
[33mERROR[39m: GET - /api/products/null - undefined - 31-08-2024, 14:13:48
[33mERROR[39m: GET - /api/products/null - undefined - 31-08-2024, 14:30:14
[33mERROR[39m: GET - /api/products - undefined - 31-08-2024, 15:35:57
[33mERROR[39m: GET /online 401 - 17:01:14 - Bad auth from poliecies!
[33mERROR[39m: GET - /api/products/null - undefined - 31-08-2024, 17:01:41
[33mERROR[39m: GET - /api/products/null - undefined - 31-08-2024, 17:01:47
[33mERROR[39m: GET - /api/products/null - undefined - 31-08-2024, 17:29:56
[33mERROR[39m: GET - /api/products/null - undefined - 31-08-2024, 17:31:19
[33mERROR[39m: GET - /api/products/null - undefined - 31-08-2024, 17:42:43
[33mERROR[39m: GET /online 401 - 17:42:43 - Bad auth from poliecies!
[33mERROR[39m: GET /online 401 - 17:42:43 - Bad auth from poliecies!
[33mERROR[39m: GET /online 401 - 17:42:43 - Bad auth from poliecies!
[33mERROR[39m: GET - /api/products/null - undefined - 31-08-2024, 17:42:52
[33mERROR[39m: GET /online 401 - 18:02:49 - Bad auth from poliecies!
[33mERROR[39m: GET /online 401 - 18:02:49 - Bad auth from poliecies!
[33mERROR[39m: GET /online 401 - 18:02:49 - Bad auth from poliecies!
[33mERROR[39m: GET - /api/products/null - undefined - 31-08-2024, 18:02:56
[33mERROR[39m: GET - /api/products/null - undefined - 31-08-2024, 18:09:14
[33mERROR[39m: GET - /api/products/null - undefined - 31-08-2024, 18:09:28
[33mERROR[39m: GET /online 401 - 18:50:20 - Bad auth from poliecies!
[33mERROR[39m: GET /online 401 - 18:50:20 - Bad auth from poliecies!
[33mERROR[39m: GET /online 401 - 18:50:20 - Bad auth from poliecies!
[33mERROR[39m: GET - /api/products/null - undefined - 31-08-2024, 18:50:35
[33mERROR[39m: GET /online 401 - 12:18:36 - Bad auth from poliecies!
[33mERROR[39m: GET /online 401 - 12:18:36 - Bad auth from poliecies!
[33mERROR[39m: GET /online 401 - 12:21:03 - Bad auth from poliecies!
[33mERROR[39m: GET /online 401 - 12:21:03 - Bad auth from poliecies!
[33mERROR[39m: GET /online 401 - 12:21:03 - Bad auth from poliecies!
[33mERROR[39m: GET - /api/products/null - undefined - 01-09-2024, 12:24:44
[33mERROR[39m: GET - /api/products/me - undefined - 01-09-2024, 22:07:31
[33mERROR[39m: GET - /api/products/me - undefined - 01-09-2024, 22:07:32
[33mERROR[39m: GET - /api/products/me - undefined - 01-09-2024, 23:29:59
[33mERROR[39m: GET - /api/products/me - undefined - 01-09-2024, 23:31:09
[33mERROR[39m: GET - /api/products/me - undefined - 01-09-2024, 23:35:57
[33mERROR[39m: GET /online 401 - 23:46:11 - Bad auth from poliecies!
[33mERROR[39m: GET /online 401 - 23:46:11 - Bad auth from poliecies!
[33mERROR[39m: GET - /api/products/null - undefined - 01-09-2024, 23:46:22
[33mERROR[39m: GET - /api/products/me - undefined - 02-09-2024, 01:35:19
[33mERROR[39m: GET - /api/products/me - undefined - 02-09-2024, 01:36:37
[33mERROR[39m: GET - /api/products/me - undefined - 02-09-2024, 01:39:02
[33mERROR[39m: GET - /api/products/me - undefined - 02-09-2024, 01:41:42
[33mERROR[39m: GET - /api/products/me - undefined - 02-09-2024, 01:41:44
[33mERROR[39m: GET /online 401 - 11:51:16 - Bad auth from poliecies!
[33mERROR[39m: GET /online 401 - 11:51:16 - Bad auth from poliecies!
[33mERROR[39m: GET /online 401 - 11:51:16 - Bad auth from poliecies!
[33mERROR[39m: GET - /api/products/null - undefined - 02-09-2024, 11:51:26
[33mERROR[39m: GET - /api/products/me - undefined - 02-09-2024, 11:51:44
[33mERROR[39m: GET - /api/products/me - undefined - 02-09-2024, 11:53:49
[33mERROR[39m: GET - /api/products/me - undefined - 02-09-2024, 13:23:19
[33mERROR[39m: GET - /api/products/null - undefined - 02-09-2024, 13:24:07
[33mERROR[39m: GET /online 401 - 13:24:10 - Bad auth from poliecies!
[33mERROR[39m: GET /online 401 - 13:24:10 - Bad auth from poliecies!
[33mERROR[39m: GET /online 401 - 13:24:10 - Bad auth from poliecies!
[33mERROR[39m: GET /online 401 - 13:24:16 - Bad auth from poliecies!
[33mERROR[39m: GET /online 401 - 13:24:16 - Bad auth from poliecies!
[33mERROR[39m: GET /online 401 - 13:24:17 - Bad auth from poliecies!
[33mERROR[39m: GET /online 401 - 13:24:17 - Bad auth from poliecies!
[33mERROR[39m: GET /online 401 - 13:24:17 - Bad auth from poliecies!
[33mERROR[39m: GET - /api/products/null - undefined - 02-09-2024, 13:24:28
[33mERROR[39m: GET - /api/products/me - undefined - 02-09-2024, 13:24:55
[33mERROR[39m: GET - /api/products/me - undefined - 02-09-2024, 13:32:14
[33mERROR[39m: GET - /api/products/me - undefined - 02-09-2024, 13:38:14
[33mERROR[39m: GET - /api/products/me - undefined - 02-09-2024, 13:39:37
[33mERROR[39m: GET - /api/products/me - undefined - 02-09-2024, 13:53:23
[33mERROR[39m: GET - /api/products/me - undefined - 02-09-2024, 14:00:24
[33mERROR[39m: GET - /api/products/me - undefined - 02-09-2024, 14:08:03
[33mERROR[39m: GET - /api/products/me - undefined - 02-09-2024, 14:10:33
[33mERROR[39m: GET - /api/products/me - undefined - 02-09-2024, 14:10:37
[33mERROR[39m: GET /online 401 - 15:22:55 - Bad auth from poliecies!
[33mERROR[39m: GET /online 401 - 15:22:55 - Bad auth from poliecies!
[33mERROR[39m: GET - /api/products/null - undefined - 02-09-2024, 15:23:04
[33mERROR[39m: GET - /api/products/me - undefined - 02-09-2024, 15:23:07
[33mERROR[39m: GET - /api/products/null - undefined - 02-09-2024, 17:39:31
[33mERROR[39m: GET - /api/products/null - undefined - 02-09-2024, 18:39:29
[33mERROR[39m: GET - /api/products/null - undefined - 02-09-2024, 18:51:55
[33mERROR[39m: GET - /api/products/null - undefined - 02-09-2024, 18:53:02
[33mERROR[39m: GET /online 401 - 19:01:02 - Bad auth from poliecies!
[33mERROR[39m: GET /online 401 - 19:01:02 - Bad auth from poliecies!
[33mERROR[39m: GET /online 401 - 19:01:02 - Bad auth from poliecies!
[33mERROR[39m: GET /online 401 - 19:02:43 - Bad auth from poliecies!
[33mERROR[39m: GET /online 401 - 19:02:43 - Bad auth from poliecies!
[33mERROR[39m: GET /online 401 - 19:02:43 - Bad auth from poliecies!
[33mERROR[39m: GET /online 401 - 19:02:44 - Bad auth from poliecies!
[33mERROR[39m: GET /online 401 - 19:02:44 - Bad auth from poliecies!
[33mERROR[39m: GET /online 401 - 19:02:44 - Bad auth from poliecies!
[33mERROR[39m: GET - /api/products/null - undefined - 02-09-2024, 19:02:50
[33mERROR[39m: GET - /api/products/null - undefined - 02-09-2024, 19:02:52
[33mERROR[39m: GET - /api/products/null - undefined - 02-09-2024, 19:06:35
[33mERROR[39m: GET - /api/products/null - undefined - 02-09-2024, 19:09:49
[33mERROR[39m: GET - /api/products/null - undefined - 02-09-2024, 19:10:31
[33mERROR[39m: GET - /api/products/null - undefined - 02-09-2024, 19:11:14
[33mERROR[39m: GET - /api/products/null - undefined - 02-09-2024, 19:11:18
[33mERROR[39m: GET - /api/products/null - undefined - 02-09-2024, 19:11:20
[33mERROR[39m: GET - /api/products/null - undefined - 02-09-2024, 19:18:13
[33mERROR[39m: GET - /api/products/null - undefined - 02-09-2024, 20:38:18
[33mERROR[39m: GET - /api/products/null - undefined - 02-09-2024, 21:01:58
[33mERROR[39m: GET /online 401 - 21:02:15 - Bad auth from poliecies!
[33mERROR[39m: GET /online 401 - 21:02:15 - Bad auth from poliecies!
[33mERROR[39m: GET /online 401 - 21:02:15 - Bad auth from poliecies!
[33mERROR[39m: GET - /api/products/null - undefined - 02-09-2024, 21:02:24
[33mERROR[39m: POST - /api/carts - undefined - 03-09-2024, 01:44:03
[33mERROR[39m: POST / 403 - 01:46:24 - Forbidden from poliecies!
[33mERROR[39m: GET / 403 - 01:46:42 - Forbidden from poliecies!
[33mERROR[39m: GET - /api/products/null - undefined - 03-09-2024, 01:46:56
[33mERROR[39m: GET /online 401 - 01:46:58 - Bad auth from poliecies!
[33mERROR[39m: GET /online 401 - 01:46:58 - Bad auth from poliecies!
[33mERROR[39m: GET /online 401 - 01:46:58 - Bad auth from poliecies!
[33mERROR[39m: GET - /api/products/null - undefined - 03-09-2024, 01:47:05
[33mERROR[39m: POST / 403 - 01:47:08 - Forbidden from poliecies!
[33mERROR[39m: POST / 403 - 01:47:11 - Forbidden from poliecies!
[33mERROR[39m: GET /online 401 - 13:54:59 - Bad auth from poliecies!
[33mERROR[39m: GET /online 401 - 13:54:59 - Bad auth from poliecies!
[33mERROR[39m: GET /online 401 - 13:55:01 - Bad auth from poliecies!
[33mERROR[39m: GET /online 401 - 13:55:01 - Bad auth from poliecies!
[33mERROR[39m: GET /online 401 - 13:55:01 - Bad auth from poliecies!
[33mERROR[39m: GET /online 401 - 19:58:13 - Bad auth from poliecies!
[33mERROR[39m: GET /online 401 - 19:58:13 - Bad auth from poliecies!
[33mERROR[39m: GET /online 401 - 19:58:13 - Bad auth from poliecies!
[33mERROR[39m: GET /online 401 - 19:58:14 - Bad auth from poliecies!
[33mERROR[39m: GET /online 401 - 19:58:14 - Bad auth from poliecies!
[33mERROR[39m: GET /online 401 - 19:58:14 - Bad auth from poliecies!
[33mERROR[39m: GET /online 401 - 19:58:15 - Bad auth from poliecies!
[33mERROR[39m: GET /online 401 - 19:58:15 - Bad auth from poliecies!
[33mERROR[39m: GET /online 401 - 19:58:15 - Bad auth from poliecies!
[33mERROR[39m: GET - /api/products/null - undefined - 03-09-2024, 23:20:55
[33mERROR[39m: GET /online 401 - 23:20:57 - Bad auth from poliecies!
[33mERROR[39m: GET /online 401 - 23:20:57 - Bad auth from poliecies!
[33mERROR[39m: GET /online 401 - 23:20:57 - Bad auth from poliecies!
[33mERROR[39m: GET /online 401 - 11:36:48 - Bad auth from poliecies!
[33mERROR[39m: GET /online 401 - 11:36:48 - Bad auth from poliecies!
[33mERROR[39m: GET /online 401 - 11:36:48 - Bad auth from poliecies!
[33mERROR[39m: GET /online 401 - 11:36:54 - Bad auth from poliecies!
[33mERROR[39m: GET /online 401 - 11:36:56 - Bad auth from poliecies!
[33mERROR[39m: GET /online 401 - 11:36:56 - Bad auth from poliecies!
[33mERROR[39m: GET /online 401 - 11:36:56 - Bad auth from poliecies!
[33mERROR[39m: GET /online 401 - 11:38:27 - Bad auth from poliecies!
[33mERROR[39m: GET /online 401 - 11:38:27 - Bad auth from poliecies!
[33mERROR[39m: GET /online 401 - 11:38:27 - Bad auth from poliecies!
[33mERROR[39m: GET - /api/products/null - undefined - 04-09-2024, 11:38:35
[33mERROR[39m: GET - /api/products/null - undefined - 04-09-2024, 11:44:25
[33mERROR[39m: GET - /api/products/null - undefined - 04-09-2024, 12:40:20
[33mERROR[39m: GET /online 401 - 12:40:21 - Bad auth from poliecies!
[33mERROR[39m: GET /online 401 - 12:40:21 - Bad auth from poliecies!
[33mERROR[39m: GET /online 401 - 12:40:21 - Bad auth from poliecies!
[33mERROR[39m: GET /online 401 - 12:41:12 - Bad auth from poliecies!
[33mERROR[39m: GET /online 401 - 12:41:12 - Bad auth from poliecies!
[33mERROR[39m: GET /online 401 - 12:41:12 - Bad auth from poliecies!
[33mERROR[39m: GET /online 401 - 12:42:02 - Bad auth from poliecies!
[33mERROR[39m: GET /online 401 - 12:42:02 - Bad auth from poliecies!
[33mERROR[39m: GET /online 401 - 12:42:02 - Bad auth from poliecies!
[33mERROR[39m: GET /online 401 - 12:48:43 - Bad auth from poliecies!
[33mERROR[39m: GET /online 401 - 11:05:06 - Bad auth from poliecies!
[33mERROR[39m: GET /online 401 - 11:05:08 - Bad auth from poliecies!
[33mERROR[39m: GET /online 401 - 11:05:08 - Bad auth from poliecies!
[33mERROR[39m: GET /online 401 - 11:05:08 - Bad auth from poliecies!
[33mERROR[39m: POST / 401 - 11:06:21 - Bad auth from poliecies!
[33mERROR[39m: GET - /api/products/null - undefined - 06-09-2024, 11:07:05
[33mERROR[39m: POST / 401 - 11:07:12 - Bad auth from poliecies!
[33mERROR[39m: DELETE - /api/products/66db1c2a5fb93ceaade8c85 - undefined - 06-09-2024, 11:14:00
[33mERROR[39m: GET / 403 - 13:38:19 - Forbidden from poliecies!
[33mERROR[39m: GET /online 401 - 14:40:16 - Bad auth from poliecies!
[33mERROR[39m: GET /online 401 - 14:40:17 - Bad auth from poliecies!
[33mERROR[39m: GET /online 401 - 14:40:18 - Bad auth from poliecies!
[33mERROR[39m: GET /online 401 - 14:40:19 - Bad auth from poliecies!
[33mERROR[39m: GET /online 401 - 14:40:19 - Bad auth from poliecies!
[33mERROR[39m: POST - /api/sessions/login - 400 - 07-09-2024, 15:02:36
[33mERROR[39m: POST / 401 - 15:17:50 - Bad auth from poliecies!
[33mERROR[39m: POST - /api/sessions/register - undefined - 07-09-2024, 15:31:41
[33mERROR[39m: POST - /api/sessions/register - undefined - 07-09-2024, 15:32:38
[33mERROR[39m: GET /online 401 - 20:06:32 - Bad auth from poliecies!
[33mERROR[39m: GET /online 401 - 20:06:32 - Bad auth from poliecies!
[33mERROR[39m: GET /online 401 - 20:06:32 - Bad auth from poliecies!
[33mERROR[39m: GET - /api/products/null - undefined - 07-09-2024, 20:08:01
[33mERROR[39m: GET - /api/products/null - undefined - 07-09-2024, 20:08:09
[33mERROR[39m: GET /online 401 - 11:47:43 - Bad auth from poliecies!
[33mERROR[39m: GET /online 401 - 11:47:43 - Bad auth from poliecies!
[33mERROR[39m: GET /online 401 - 11:47:43 - Bad auth from poliecies!
[33mERROR[39m: GET /online 401 - 11:51:09 - Bad auth from poliecies!
[33mERROR[39m: GET /online 401 - 11:51:19 - Bad auth from poliecies!
[33mERROR[39m: GET /online 401 - 11:51:19 - Bad auth from poliecies!
[33mERROR[39m: GET /online 401 - 11:51:19 - Bad auth from poliecies!
[33mERROR[39m: GET /online 401 - 11:51:23 - Bad auth from poliecies!
[33mERROR[39m: GET /online 401 - 11:51:23 - Bad auth from poliecies!
[33mERROR[39m: GET /online 401 - 11:51:27 - Bad auth from poliecies!
[33mERROR[39m: GET /online 401 - 11:51:27 - Bad auth from poliecies!
[33mERROR[39m: GET /online 401 - 11:51:27 - Bad auth from poliecies!
[33mERROR[39m: GET /online 401 - 11:51:47 - Bad auth from poliecies!
[33mERROR[39m: GET /online 401 - 11:51:52 - Bad auth from poliecies!
[33mERROR[39m: GET /online 401 - 12:45:56 - Bad auth from poliecies!
[33mERROR[39m: GET /online 401 - 12:46:08 - Bad auth from poliecies!
[33mERROR[39m: GET /online 401 - 12:46:59 - Bad auth from poliecies!
[33mERROR[39m: GET /online 401 - 13:04:10 - Bad auth from poliecies!
[33mERROR[39m: GET /online 401 - 13:04:13 - Bad auth from poliecies!
[33mERROR[39m: GET /online 401 - 13:04:16 - Bad auth from poliecies!
[33mERROR[39m: GET /online 401 - 13:09:05 - Bad auth from poliecies!
[33mERROR[39m: GET /online 401 - 13:09:06 - Bad auth from poliecies!
[33mERROR[39m: GET /online 401 - 13:09:10 - Bad auth from poliecies!
[33mERROR[39m: GET /online 401 - 13:17:57 - Bad auth from poliecies!
[33mERROR[39m: GET /online 401 - 13:47:10 - Bad auth from poliecies!
[33mERROR[39m: GET /online 401 - 13:47:31 - Bad auth from poliecies!
[33mERROR[39m: GET /online 401 - 13:49:32 - Bad auth from poliecies!
[33mERROR[39m: GET /online 401 - 13:50:33 - Bad auth from poliecies!
[33mERROR[39m: GET /online 401 - 13:50:38 - Bad auth from poliecies!
[33mERROR[39m: GET /online 401 - 13:50:38 - Bad auth from poliecies!
[33mERROR[39m: GET /online 401 - 13:50:38 - Bad auth from poliecies!
[33mERROR[39m: GET /online 401 - 13:50:39 - Bad auth from poliecies!
[33mERROR[39m: GET /online 401 - 13:50:39 - Bad auth from poliecies!
[33mERROR[39m: GET /online 401 - 13:50:41 - Bad auth from poliecies!
[33mERROR[39m: GET /online 401 - 13:50:41 - Bad auth from poliecies!
[33mERROR[39m: GET /online 401 - 13:50:41 - Bad auth from poliecies!
[33mERROR[39m: GET - /api/products/null - undefined - 09-09-2024, 13:50:53
[33mERROR[39m: GET /online 401 - 16:41:33 - Bad auth from poliecies!
[33mERROR[39m: GET /online 401 - 16:41:33 - Bad auth from poliecies!
[33mERROR[39m: GET /online 401 - 16:41:35 - Bad auth from poliecies!
[33mERROR[39m: GET /online 401 - 16:41:35 - Bad auth from poliecies!
[33mERROR[39m: GET /online 401 - 16:41:35 - Bad auth from poliecies!
[33mERROR[39m: GET - /api/products/null - undefined - 09-09-2024, 16:41:45
[33mERROR[39m: GET - /api/products/null - undefined - 09-09-2024, 17:04:08
[33mERROR[39m: GET /online 401 - 17:53:19 - Bad auth from poliecies!
[33mERROR[39m: GET /online 401 - 17:53:19 - Bad auth from poliecies!
[33mERROR[39m: GET /online 401 - 17:53:19 - Bad auth from poliecies!
[33mERROR[39m: GET - /api/products/null - undefined - 09-09-2024, 17:53:27
[33mERROR[39m: GET - /api/products/null - undefined - 09-09-2024, 18:02:28
[33mERROR[39m: GET - /api/products/null - undefined - 09-09-2024, 18:03:56
[33mERROR[39m: GET - /api/products/null - undefined - 09-09-2024, 18:04:04
[33mERROR[39m: GET - /api/products/null - undefined - 09-09-2024, 18:17:27
[33mERROR[39m: GET - /api/products/null - undefined - 09-09-2024, 18:51:29
[33mERROR[39m: GET - /api/products/null - undefined - 10-09-2024, 01:43:59
[33mERROR[39m: GET /online 401 - 01:44:01 - Bad auth from poliecies!
[33mERROR[39m: GET /online 401 - 01:44:01 - Bad auth from poliecies!
[33mERROR[39m: GET /online 401 - 01:44:01 - Bad auth from poliecies!
[33mERROR[39m: GET - /api/products/null - undefined - 10-09-2024, 01:44:09
[33mERROR[39m: GET - /api/products/null - undefined - 10-09-2024, 01:44:29
[33mERROR[39m: GET - /api/products/null - undefined - 10-09-2024, 01:44:37
[33mERROR[39m: GET - /api/products/null - undefined - 10-09-2024, 01:44:50
[33mERROR[39m: GET - /api/products/null - undefined - 10-09-2024, 01:44:51
[33mERROR[39m: GET - /api/products/null - undefined - 10-09-2024, 01:45:43
[33mERROR[39m: GET - /api/carts/ - 404 - 10-09-2024, 01:45:46
[33mERROR[39m: GET - /api/products/null - undefined - 10-09-2024, 01:45:52
[33mERROR[39m: GET /online 401 - 11:31:12 - Bad auth from poliecies!
[33mERROR[39m: GET /online 401 - 11:31:12 - Bad auth from poliecies!
[33mERROR[39m: GET /online 401 - 11:31:12 - Bad auth from poliecies!
[33mERROR[39m: GET /online 401 - 11:31:14 - Bad auth from poliecies!
[33mERROR[39m: GET /online 401 - 11:31:14 - Bad auth from poliecies!
[33mERROR[39m: GET /online 401 - 11:31:14 - Bad auth from poliecies!
[33mERROR[39m: GET /online 401 - 11:33:58 - Bad auth from poliecies!
[33mERROR[39m: GET /online 401 - 11:33:58 - Bad auth from poliecies!
[33mERROR[39m: GET /online 401 - 11:33:58 - Bad auth from poliecies!
[33mERROR[39m: GET - /api/products/null - undefined - 10-09-2024, 11:34:05
[33mERROR[39m: GET - /api/products/null - undefined - 10-09-2024, 11:34:57
[33mERROR[39m: GET - /api/products/null - undefined - 10-09-2024, 12:03:59
[33mERROR[39m: GET - /api/products/null - undefined - 10-09-2024, 12:10:11
[33mERROR[39m: GET /online 401 - 12:10:13 - Bad auth from poliecies!
[33mERROR[39m: GET /online 401 - 12:10:13 - Bad auth from poliecies!
[33mERROR[39m: GET /online 401 - 12:10:13 - Bad auth from poliecies!
[33mERROR[39m: GET - /api/products/null - undefined - 10-09-2024, 12:11:14
[33mERROR[39m: GET - /api/products/null - undefined - 10-09-2024, 12:12:52
[33mERROR[39m: GET /online 401 - 12:12:54 - Bad auth from poliecies!
[33mERROR[39m: GET /online 401 - 12:12:54 - Bad auth from poliecies!
[33mERROR[39m: GET /online 401 - 12:12:54 - Bad auth from poliecies!
[33mERROR[39m: GET - /api/products/null - undefined - 10-09-2024, 12:13:01
[33mERROR[39m: GET - /api/products/null - undefined - 10-09-2024, 12:13:03
[33mERROR[39m: GET - /api/products/null - undefined - 10-09-2024, 12:48:42
[33mERROR[39m: GET /online 401 - 12:48:44 - Bad auth from poliecies!
[33mERROR[39m: GET /online 401 - 12:48:44 - Bad auth from poliecies!
[33mERROR[39m: GET /online 401 - 12:48:44 - Bad auth from poliecies!
[33mERROR[39m: GET - /api/products/null - undefined - 10-09-2024, 12:48:59
[33mERROR[39m: GET - /api/products/null - undefined - 10-09-2024, 13:54:21
[33mERROR[39m: GET /online 401 - 13:54:22 - Bad auth from poliecies!
[33mERROR[39m: GET /online 401 - 13:54:22 - Bad auth from poliecies!
[33mERROR[39m: GET /online 401 - 13:54:22 - Bad auth from poliecies!
[33mERROR[39m: GET /online 401 - 16:25:02 - Bad auth from poliecies!
[33mERROR[39m: GET /online 401 - 16:25:02 - Bad auth from poliecies!
[33mERROR[39m: GET /online 401 - 16:25:02 - Bad auth from poliecies!
[33mERROR[39m: GET - /api/products/null - undefined - 10-09-2024, 16:25:38
[33mERROR[39m: GET - /api/products/null - undefined - 10-09-2024, 16:25:44
[33mERROR[39m: GET - /api/products/null - undefined - 10-09-2024, 16:27:16
[33mERROR[39m: GET - /api/products/null - undefined - 10-09-2024, 16:27:35
[33mERROR[39m: GET - /api/products/null - undefined - 10-09-2024, 16:28:05
[33mERROR[39m: GET - /api/products/null - undefined - 10-09-2024, 16:41:55
[33mERROR[39m: GET - /api/products/null - undefined - 10-09-2024, 16:42:27
[33mERROR[39m: GET - /api/products/null - undefined - 10-09-2024, 16:43:36
[33mERROR[39m: GET - /api/products/null - undefined - 10-09-2024, 16:55:56
[33mERROR[39m: GET - /api/products/null - undefined - 10-09-2024, 16:57:51
[33mERROR[39m: GET - /api/products/null - undefined - 10-09-2024, 16:59:30
[33mERROR[39m: GET - /api/products/null - undefined - 10-09-2024, 17:01:07
[33mERROR[39m: GET - /api/products/null - undefined - 10-09-2024, 17:01:24
[33mERROR[39m: GET - /api/products/null - undefined - 10-09-2024, 17:04:34
[33mERROR[39m: GET - /api/products/null - undefined - 10-09-2024, 17:05:00
[33mERROR[39m: GET - /api/products/null - undefined - 10-09-2024, 17:05:43
[33mERROR[39m: GET - /api/products/null - undefined - 10-09-2024, 17:06:34
[33mERROR[39m: GET - /api/products/null - undefined - 10-09-2024, 17:07:11
[33mERROR[39m: GET - /api/products/null - undefined - 10-09-2024, 17:35:15
[33mERROR[39m: GET - /api/products/null - undefined - 10-09-2024, 21:27:53
[33mERROR[39m: GET - /api/products/null - undefined - 10-09-2024, 21:27:55
[33mERROR[39m: GET - /api/products/null - undefined - 10-09-2024, 21:28:05
[33mERROR[39m: GET /online 401 - 21:28:06 - Bad auth from poliecies!
[33mERROR[39m: GET /online 401 - 21:28:06 - Bad auth from poliecies!
[33mERROR[39m: GET /online 401 - 21:28:06 - Bad auth from poliecies!
[33mERROR[39m: GET - /api/products/null - undefined - 10-09-2024, 21:28:14
[33mERROR[39m: GET - /api/products/null - undefined - 10-09-2024, 22:00:20
[33mERROR[39m: GET - /api/products/null - undefined - 10-09-2024, 22:02:23
[33mERROR[39m: GET - /api/products/null - undefined - 10-09-2024, 22:02:43
[33mERROR[39m: GET - /api/products/null - undefined - 10-09-2024, 22:09:41
[33mERROR[39m: GET - /api/products/null - undefined - 10-09-2024, 22:11:21
[33mERROR[39m: GET /online 401 - 22:19:43 - Bad auth from poliecies!
[33mERROR[39m: GET /online 401 - 22:19:43 - Bad auth from poliecies!
[33mERROR[39m: GET /online 401 - 22:19:43 - Bad auth from poliecies!
[33mERROR[39m: GET /online 401 - 22:19:43 - Bad auth from poliecies!
[33mERROR[39m: GET /online 401 - 23:57:17 - Bad auth from poliecies!
[33mERROR[39m: GET /online 401 - 23:57:17 - Bad auth from poliecies!
[33mERROR[39m: GET /online 401 - 23:57:17 - Bad auth from poliecies!
[33mERROR[39m: GET /online 401 - 23:57:17 - Bad auth from poliecies!
[33mERROR[39m: GET /online 401 - 01:09:38 - Bad auth from poliecies!
[33mERROR[39m: GET /online 401 - 01:09:38 - Bad auth from poliecies!
[33mERROR[39m: GET /online 401 - 01:09:38 - Bad auth from poliecies!
[33mERROR[39m: GET /online 401 - 01:09:38 - Bad auth from poliecies!
[33mERROR[39m: GET /online 401 - 01:57:00 - Bad auth from poliecies!
[33mERROR[39m: GET /online 401 - 01:57:07 - Bad auth from poliecies!
[33mERROR[39m: GET /online 401 - 01:57:07 - Bad auth from poliecies!
[33mERROR[39m: GET /online 401 - 11:37:24 - Bad auth from poliecies!
[33mERROR[39m: GET /online 401 - 11:37:25 - Bad auth from poliecies!
[33mERROR[39m: GET /online 401 - 11:42:31 - Bad auth from poliecies!
[33mERROR[39m: GET /online 401 - 11:42:31 - Bad auth from poliecies!
[33mERROR[39m: GET /online 401 - 11:42:31 - Bad auth from poliecies!
[33mERROR[39m: GET /online 401 - 11:42:31 - Bad auth from poliecies!
[33mERROR[39m: GET /online 401 - 11:55:50 - Bad auth from poliecies!
[33mERROR[39m: GET /online 401 - 11:55:50 - Bad auth from poliecies!
[33mERROR[39m: GET /online 401 - 11:55:50 - Bad auth from poliecies!
[33mERROR[39m: GET /online 401 - 11:55:50 - Bad auth from poliecies!
[33mERROR[39m: GET /online 401 - 11:55:54 - Bad auth from poliecies!
[33mERROR[39m: GET /online 401 - 11:55:55 - Bad auth from poliecies!
[33mERROR[39m: GET /online 401 - 11:55:55 - Bad auth from poliecies!
[33mERROR[39m: GET /online 401 - 11:55:55 - Bad auth from poliecies!
[33mERROR[39m: GET - /api/products/null - undefined - 11-09-2024, 11:56:07
[33mERROR[39m: GET - /api/carts/ - 404 - 11-09-2024, 13:49:20
[33mERROR[39m: GET - /api/products/null - undefined - 11-09-2024, 13:49:22
[33mERROR[39m: GET - /api/products/null - undefined - 11-09-2024, 13:49:41
[33mERROR[39m: GET /online 401 - 16:30:38 - Bad auth from poliecies!
[33mERROR[39m: GET /online 401 - 16:30:38 - Bad auth from poliecies!
[33mERROR[39m: GET /online 401 - 16:30:38 - Bad auth from poliecies!
[33mERROR[39m: GET /online 401 - 16:30:38 - Bad auth from poliecies!
[33mERROR[39m: GET - /api/products/null - undefined - 11-09-2024, 16:30:45
[33mERROR[39m: GET - /api/products/null - undefined - 11-09-2024, 16:31:15
[33mERROR[39m: GET - /api/products/null - undefined - 11-09-2024, 16:40:17
[33mERROR[39m: GET - /api/products/null - undefined - 11-09-2024, 16:40:20
[33mERROR[39m: GET /online 401 - 17:15:37 - Bad auth from poliecies!
[33mERROR[39m: GET /online 401 - 17:15:37 - Bad auth from poliecies!
[33mERROR[39m: GET /online 401 - 17:15:37 - Bad auth from poliecies!
[33mERROR[39m: GET /online 401 - 17:15:37 - Bad auth from poliecies!
[33mERROR[39m: GET - /api/products/null - undefined - 11-09-2024, 17:15:52
[33mERROR[39m: GET - /api/products/null - undefined - 11-09-2024, 17:19:43
[33mERROR[39m: GET - /api/products/null - undefined - 11-09-2024, 17:21:11
[33mERROR[39m: GET /online 401 - 17:29:03 - Bad auth from poliecies!
[33mERROR[39m: GET /online 401 - 17:29:04 - Bad auth from poliecies!
[33mERROR[39m: GET /online 401 - 17:29:04 - Bad auth from poliecies!
[33mERROR[39m: GET /online 401 - 17:29:04 - Bad auth from poliecies!
